<?xml version="1.0" encoding="UTF-8"?>
<!-- Generated by org.testng.reporters.JUnitReportReporter -->
<testsuite hostname="DESKTOP-QTH2HED" failures="0" tests="6" name="testClasses.LoginFunctionality" time="103.989" errors="0" timestamp="2025-10-10T20:56:45 IST" skipped="0">
  <testcase classname="testClasses.LoginFunctionality" name="verifyLoginScreen" time="16.986"/>
  <testcase classname="testClasses.LoginFunctionality" name="VerifyEnteredMobileNumber" time="5.925"/>
  <testcase classname="testClasses.LoginFunctionality" name="verifyEnterOTPField" time="15.578"/>
  <testcase classname="testClasses.LoginFunctionality" name="verifyErrorMassage" time="16.722"/>
  <testcase classname="testClasses.LoginFunctionality" name="verifyToastMassage" time="14.990"/>
  <testcase classname="testClasses.LoginFunctionality" name="verifyHomeScreen" time="33.788"/>
</testsuite> <!-- testClasses.LoginFunctionality -->
