<?xml version="1.0" encoding="UTF-8"?>
<!-- Generated by org.testng.reporters.JUnitReportReporter -->
<testsuite hostname="DESKTOP-QTH2HED" failures="0" tests="1" name="testClasses.FooterFunctionality" time="2.875" errors="0" timestamp="2025-10-06T22:43:27 IST" skipped="0">
  <testcase classname="testClasses.FooterFunctionality" name="verifyPresenceOfFooterBottomBarOptions" time="2.875"/>
</testsuite> <!-- testClasses.FooterFunctionality -->
