<?xml version="1.0" encoding="UTF-8"?>
<!-- Generated by org.testng.reporters.JUnitReportReporter -->
<testsuite hostname="DESKTOP-QTH2HED" failures="0" tests="1" name="testClasses.TopMenubarFunctionality" time="24.944" errors="0" timestamp="2025-10-04T12:31:48 IST" skipped="0">
  <testcase classname="testClasses.TopMenubarFunctionality" name="verifyTheCartItemCount" time="24.944"/>
</testsuite> <!-- testClasses.TopMenubarFunctionality -->
