<?xml version="1.0" encoding="UTF-8"?>
<!-- Generated by org.testng.reporters.JUnitReportReporter -->
<testsuite hostname="DESKTOP-QTH2HED" failures="0" tests="6" name="testClasses.VerifyProduct" time="108.126" errors="0" timestamp="2025-10-02T10:24:56 IST" skipped="0">
  <testcase classname="testClasses.VerifyProduct" name="verifyLoginScreen" time="16.800"/>
  <testcase classname="testClasses.VerifyProduct" name="VerifyEnteredMobileNumber" time="16.060"/>
  <testcase classname="testClasses.VerifyProduct" name="verifyEnterOTPField" time="16.971"/>
  <testcase classname="testClasses.VerifyProduct" name="verifyErrorMassage" time="6.704"/>
  <testcase classname="testClasses.VerifyProduct" name="verifyToastMassage" time="13.940"/>
  <testcase classname="testClasses.VerifyProduct" name="verifyHomeScreen" time="37.651"/>
</testsuite> <!-- testClasses.VerifyProduct -->
