<?xml version="1.0" encoding="UTF-8"?>
<!-- Generated by org.testng.reporters.JUnitReportReporter -->
<testsuite hostname="DESKTOP-QTH2HED" failures="0" tests="9" name="testClasses.TopMenubarFunctionality" time="60.099" errors="0" timestamp="2025-10-10T20:56:46 IST" skipped="0">
  <testcase classname="testClasses.TopMenubarFunctionality" name="verifyPresenceOfFlipkartImage" time="0.117"/>
  <testcase classname="testClasses.TopMenubarFunctionality" name="verifyPageReloadAndNavigateToHomePage" time="5.815"/>
  <testcase classname="testClasses.TopMenubarFunctionality" name="VerifyPresenceOfSearchField" time="0.095"/>
  <testcase classname="testClasses.TopMenubarFunctionality" name="verifyTrendingProductListAppeared" time="0.466"/>
  <testcase classname="testClasses.TopMenubarFunctionality" name="verifySearchHistoryTextAppeared" time="34.204"/>
  <testcase classname="testClasses.TopMenubarFunctionality" name="verifySearchIconClickable" time="4.646"/>
  <testcase classname="testClasses.TopMenubarFunctionality" name="verifyUserProfileOptionListAppeared" time="2.588"/>
  <testcase classname="testClasses.TopMenubarFunctionality" name="verifyAppearanceOfCartOption" time="0.140"/>
  <testcase classname="testClasses.TopMenubarFunctionality" name="verifyTheCartItemCount" time="12.028"/>
</testsuite> <!-- testClasses.TopMenubarFunctionality -->
