<?xml version="1.0" encoding="UTF-8"?>
<!-- Generated by org.testng.reporters.JUnitReportReporter -->
<testsuite hostname="DESKTOP-QTH2HED" failures="0" tests="6" name="testClasses.LoginFunctionality" time="122.524" errors="0" timestamp="2025-10-04T10:20:30 IST" skipped="0">
  <testcase classname="testClasses.LoginFunctionality" name="verifyLoginScreen" time="24.594"/>
  <testcase classname="testClasses.LoginFunctionality" name="VerifyEnteredMobileNumber" time="18.067"/>
  <testcase classname="testClasses.LoginFunctionality" name="verifyEnterOTPField" time="10.026"/>
  <testcase classname="testClasses.LoginFunctionality" name="verifyErrorMassage" time="18.337"/>
  <testcase classname="testClasses.LoginFunctionality" name="verifyToastMassage" time="18.038"/>
  <testcase classname="testClasses.LoginFunctionality" name="verifyHomeScreen" time="33.462"/>
</testsuite> <!-- testClasses.LoginFunctionality -->
